<?xml version="1.0" encoding="UTF-8"?>
<!-- Generated by org.testng.reporters.JUnitReportReporter -->
<testsuite skipped="4" hostname="DESKTOP-DV65NR3" name="com.TestCases.Login" tests="4" failures="0" timestamp="29 Sep 2018 12:39:55 GMT" time="0.025" errors="0">
  <testcase name="TC01" time="0.011" classname="com.TestCases.Login">
    <skipped/>
  </testcase> <!-- TC01 -->
  <testcase name="TC09" time="0.005" classname="com.TestCases.Login">
    <skipped/>
  </testcase> <!-- TC09 -->
  <testcase name="TC02" time="0.004" classname="com.TestCases.Login">
    <skipped/>
  </testcase> <!-- TC02 -->
  <testcase name="TC10" time="0.005" classname="com.TestCases.Login">
    <skipped/>
  </testcase> <!-- TC10 -->
</testsuite> <!-- com.TestCases.Login -->
