<?xml version="1.0" encoding="UTF-8"?>
<!-- Generated by org.testng.reporters.JUnitReportReporter -->
<testsuite skipped="1" hostname="DESKTOP-DV65NR3" name="com.TestCases.Registration" tests="3" failures="0" timestamp="29 Sep 2018 12:39:55 GMT" time="0.028" errors="0">
  <testcase name="TC13" time="0.003" classname="com.TestCases.Registration">
    <skipped/>
  </testcase> <!-- TC13 -->
  <testcase name="TC11" time="0.015" classname="com.TestCases.Registration"/>
  <testcase name="TC12" time="0.010" classname="com.TestCases.Registration"/>
</testsuite> <!-- com.TestCases.Registration -->
