<?xml version="1.0" encoding="UTF-8"?>
<!-- Generated by org.testng.reporters.JUnitReportReporter -->
<testsuite skipped="3" hostname="DESKTOP-DV65NR3" name="com.TestCases.Home" tests="4" failures="0" timestamp="29 Sep 2018 12:39:55 GMT" time="0.083" errors="0">
  <testcase name="TC07" time="0.008" classname="com.TestCases.Home">
    <skipped/>
  </testcase> <!-- TC07 -->
  <testcase name="TC03" time="0.004" classname="com.TestCases.Home">
    <skipped/>
  </testcase> <!-- TC03 -->
  <testcase name="TC08" time="0.005" classname="com.TestCases.Home">
    <skipped/>
  </testcase> <!-- TC08 -->
  <testcase name="TC04" time="0.066" classname="com.TestCases.Home"/>
</testsuite> <!-- com.TestCases.Home -->
